2023-07-14 21:46:45 info: =================================
2023-07-14 21:46:45 info: ======= ENV: development =======
2023-07-14 21:46:45 info: 🚀 App listening on the port 8000
2023-07-14 21:46:45 info: =================================
2023-07-14 21:47:09 info: =================================
2023-07-14 21:47:09 info: ======= ENV: development =======
2023-07-14 21:47:09 info: 🚀 App listening on the port 8000
2023-07-14 21:47:09 info: =================================
2023-07-14 21:47:15 info: [0mGET /api/type/1 [32m200[0m 1.572 ms - 2[0m
2023-07-14 21:47:15 info: [0mGET /favicon.ico [33m404[0m 3.417 ms - 150[0m
2023-07-14 22:03:50 info: =================================
2023-07-14 22:03:50 info: ======= ENV: development =======
2023-07-14 22:03:50 info: 🚀 App listening on the port 8000
2023-07-14 22:03:50 info: =================================
2023-07-14 22:04:05 info: =================================
2023-07-14 22:04:05 info: ======= ENV: development =======
2023-07-14 22:04:05 info: 🚀 App listening on the port 8000
2023-07-14 22:04:05 info: =================================
2023-07-14 22:04:13 info: [0mGET /api/type/1 [36m304[0m 4.123 ms - -[0m
2023-07-14 22:04:53 info: [0mGET /api/type/1 [36m304[0m 0.639 ms - -[0m
2023-07-14 22:04:56 info: [0mGET /api/type/1 [36m304[0m 0.930 ms - -[0m
2023-07-14 22:05:15 info: [0mGET /api/type/1 [36m304[0m 1.572 ms - -[0m
2023-07-14 22:08:51 info: =================================
2023-07-14 22:08:51 info: ======= ENV: development =======
2023-07-14 22:08:51 info: 🚀 App listening on the port 8000
2023-07-14 22:08:51 info: =================================
2023-07-14 22:09:00 info: =================================
2023-07-14 22:09:00 info: ======= ENV: test =======
2023-07-14 22:09:00 info: 🚀 App listening on the port 8000
2023-07-14 22:09:00 info: =================================
2023-07-14 22:09:00 info: [0mGET /api/category [32m200[0m 2.435 ms - 161345[0m
2023-07-14 22:09:00 info: [0mGET /api/category/1 [32m200[0m 0.902 ms - 55709[0m
2023-07-14 22:09:00 info: [0mGET /api/category/999 [32m200[0m 0.256 ms - 2[0m
2023-07-14 22:09:00 info: [0mGET /api/type [32m200[0m 1.837 ms - 161345[0m
2023-07-14 22:09:00 info: [0mGET /api/type/807 [32m200[0m 1.244 ms - 79793[0m
2023-07-14 22:09:00 info: [0mGET /api/type/1 [32m200[0m 0.315 ms - 2[0m
2023-07-14 22:09:00 info: [0mGET /category [32m200[0m 8.597 ms - 244194[0m
2023-07-14 22:09:00 info: [0mGET /category/1 [32m200[0m 2.019 ms - 83907[0m
2023-07-14 22:09:00 info: [0mGET /category/999 [32m200[0m 0.471 ms - 292[0m
2023-07-14 22:09:01 info: [0mGET /type [32m200[0m 4.691 ms - 244189[0m
2023-07-14 22:09:01 info: [0mGET /type/807 [32m200[0m 4.497 ms - 121341[0m
2023-07-14 22:09:01 info: [0mGET /type/1 [32m200[0m 0.515 ms - 287[0m
